<?xml version="1.0" encoding="UTF-8"?>
<!-- Generated by org.testng.reporters.JUnitReportReporter -->
<testsuite hostname="RIKU" failures="0" tests="1" name="pomf.BrokenLinkCount1" time="37.140" errors="0" timestamp="2025-07-04T11:04:13 IST" skipped="0">
  <testcase classname="pomf.BrokenLinkCount1" name="checkLogin" time="37.140"/>
</testsuite> <!-- pomf.BrokenLinkCount1 -->
