<?xml version="1.0" encoding="UTF-8"?>
<!-- Generated by org.testng.reporters.JUnitReportReporter -->
<testsuite hostname="RIKU" failures="0" tests="3" name="sasi.LoginPageGoogle1" time="13.856" errors="0" timestamp="2025-07-02T11:42:41 IST" skipped="0">
  <testcase classname="sasi.LoginPageGoogle1" name="adminLogin" time="5.433"/>
  <testcase classname="sasi.LoginPageGoogle1" name="adminLogin" time="4.259"/>
  <testcase classname="sasi.LoginPageGoogle1" name="adminLogin" time="4.164"/>
</testsuite> <!-- sasi.LoginPageGoogle1 -->
