<?xml version="1.0" encoding="UTF-8"?>
<!-- Generated by org.testng.reporters.JUnitReportReporter -->
<testsuite hostname="RIKU" failures="0" tests="1" name="sasi.TestPro" time="0.006" errors="0" timestamp="2025-06-30T12:35:30 IST" skipped="0">
  <testcase classname="sasi.TestPro" name="f" time="0.006"/>
</testsuite> <!-- sasi.TestPro -->
