<?xml version="1.0" encoding="UTF-8"?>
<!-- Generated by org.testng.reporters.JUnitReportReporter -->
<testsuite hostname="RIKU" failures="0" tests="1" name="sasi.TestWeb2" time="9.118" errors="0" timestamp="2025-06-30T14:40:53 IST" skipped="0">
  <testcase classname="sasi.TestWeb2" name="f" time="9.118"/>
</testsuite> <!-- sasi.TestWeb2 -->
