<?xml version="1.0" encoding="UTF-8"?>
<!-- Generated by org.testng.reporters.JUnitReportReporter -->
<testsuite hostname="RIKU" failures="0" tests="4" name="sasi.Priority" time="4.785" errors="0" timestamp="2025-06-30T15:06:59 IST" skipped="0">
  <testcase classname="sasi.Priority" name="launchBrowser" time="1.057"/>
  <testcase classname="sasi.Priority" name="verifyGoogleTitle" time="2.063"/>
  <testcase classname="sasi.Priority" name="verifyYahooTitle" time="1.520"/>
  <testcase classname="sasi.Priority" name="closeBrowser" time="0.145"/>
</testsuite> <!-- sasi.Priority -->
