<?xml version="1.0" encoding="UTF-8"?>
<!-- Generated by org.testng.reporters.JUnitReportReporter -->
<testsuite hostname="RIKU" failures="0" tests="5" name="tests.SearchTest" time="35.441" errors="0" timestamp="2025-08-30T10:46:36 IST" skipped="0">
  <testcase classname="tests.SearchTest" name="testSearchProduct" time="5.175"/>
  <testcase classname="tests.SearchTest" name="testApplyFilters" time="9.443"/>
  <testcase classname="tests.SearchTest" name="testSortLowToHigh" time="1.849"/>
  <testcase classname="tests.SearchTest" name="testBlankSearch" time="2.147"/>
  <testcase classname="tests.SearchTest" name="testViewProductDetails" time="16.827"/>
</testsuite> <!-- tests.SearchTest -->
