<?xml version="1.0" encoding="UTF-8"?>
<!-- Generated by org.testng.reporters.JUnitReportReporter -->
<testsuite hostname="RIKU" failures="0" tests="3" name="tests.LoginTest" time="8.814" errors="0" timestamp="2025-08-29T17:36:23 IST" skipped="0">
  <testcase classname="tests.LoginTest" name="invalidLoginTest" time="2.925"/>
  <testcase classname="tests.LoginTest" name="validLoginTest" time="3.917"/>
  <testcase classname="tests.LoginTest" name="verifyLoginTest" time="1.972"/>
</testsuite> <!-- tests.LoginTest -->
