<?xml version="1.0" encoding="UTF-8"?>
<!-- Generated by org.testng.reporters.JUnitReportReporter -->
<testsuite hostname="RIKU" failures="0" tests="5" name="tests.SearchTest" time="34.947" errors="0" timestamp="2025-08-30T11:15:38 IST" skipped="0">
  <testcase classname="tests.SearchTest" name="testSearchProduct" time="5.135"/>
  <testcase classname="tests.SearchTest" name="testApplyFilters" time="8.726"/>
  <testcase classname="tests.SearchTest" name="testSortLowToHigh" time="1.481"/>
  <testcase classname="tests.SearchTest" name="testBlankSearch" time="2.957"/>
  <testcase classname="tests.SearchTest" name="testViewProductDetails" time="16.648"/>
</testsuite> <!-- tests.SearchTest -->
