<?xml version="1.0" encoding="UTF-8"?>
<!-- Generated by org.testng.reporters.JUnitReportReporter -->
<testsuite hostname="RIKU" failures="0" tests="5" name="tests.SearchTest" time="20.561" errors="0" timestamp="2025-09-02T11:48:10 IST" skipped="0">
  <testcase classname="tests.SearchTest" name="testSearchProduct" time="2.769"/>
  <testcase classname="tests.SearchTest" name="testApplyFilters" time="8.831"/>
  <testcase classname="tests.SearchTest" name="testSortLowToHigh" time="1.304"/>
  <testcase classname="tests.SearchTest" name="testBlankSearch" time="2.126"/>
  <testcase classname="tests.SearchTest" name="testViewProductDetails" time="5.531"/>
</testsuite> <!-- tests.SearchTest -->
