<?xml version="1.0" encoding="UTF-8"?>
<!-- Generated by org.testng.reporters.JUnitReportReporter -->
<testsuite hostname="RIKU" failures="0" tests="6" name="tests.LoginTest" time="18.238" errors="0" timestamp="2025-08-30T10:37:19 IST" skipped="0">
  <testcase classname="tests.LoginTest" name="invalidLoginTest" time="4.969"/>
  <testcase classname="tests.LoginTest" name="invalidLoginTest" time="3.115"/>
  <testcase classname="tests.LoginTest" name="verifyLoginTest" time="2.950"/>
  <testcase classname="tests.LoginTest" name="verifyLoginTest" time="1.763"/>
  <testcase classname="tests.LoginTest" name="validLoginTest" time="1.530"/>
  <testcase classname="tests.LoginTest" name="validLoginTest" time="3.911"/>
</testsuite> <!-- tests.LoginTest -->
