<?xml version="1.0" encoding="UTF-8"?>
<!-- Generated by org.testng.reporters.JUnitReportReporter -->
<testsuite hostname="RIKU" failures="0" tests="3" name="tests.LoginTest" time="8.763" errors="0" timestamp="2025-08-29T22:42:46 IST" skipped="0">
  <testcase classname="tests.LoginTest" name="invalidLoginTest" time="3.539"/>
  <testcase classname="tests.LoginTest" name="verifyLoginTest" time="2.927"/>
  <testcase classname="tests.LoginTest" name="validLoginTest" time="2.297"/>
</testsuite> <!-- tests.LoginTest -->
