<?xml version="1.0" encoding="UTF-8"?>
<!-- Generated by org.testng.reporters.JUnitReportReporter -->
<testsuite hostname="RIKU" failures="0" tests="3" name="tests.LoginTest" time="8.833" errors="0" timestamp="2025-08-30T10:46:36 IST" skipped="0">
  <testcase classname="tests.LoginTest" name="invalidLoginTest" time="3.746"/>
  <testcase classname="tests.LoginTest" name="verifyLoginTest" time="2.786"/>
  <testcase classname="tests.LoginTest" name="validLoginTest" time="2.301"/>
</testsuite> <!-- tests.LoginTest -->
