<?xml version="1.0" encoding="UTF-8"?>
<!-- Generated by org.testng.reporters.JUnitReportReporter -->
<testsuite hostname="RIKU" failures="0" tests="1" name="tests.CartTest" time="31.331" errors="0" timestamp="2025-08-29T17:36:23 IST" skipped="0">
  <testcase classname="tests.CartTest" name="test" time="31.331"/>
</testsuite> <!-- tests.CartTest -->
