<?xml version="1.0" encoding="UTF-8"?>
<!-- Generated by org.testng.reporters.JUnitReportReporter -->
<testsuite hostname="RIKU" failures="0" tests="5" name="tests.SearchTest" time="35.551" errors="0" timestamp="2025-08-30T11:22:51 IST" skipped="0">
  <testcase classname="tests.SearchTest" name="testSearchProduct" time="5.010"/>
  <testcase classname="tests.SearchTest" name="testApplyFilters" time="9.059"/>
  <testcase classname="tests.SearchTest" name="testSortLowToHigh" time="1.726"/>
  <testcase classname="tests.SearchTest" name="testBlankSearch" time="2.292"/>
  <testcase classname="tests.SearchTest" name="testViewProductDetails" time="17.464"/>
</testsuite> <!-- tests.SearchTest -->
