<?xml version="1.0" encoding="UTF-8"?>
<!-- Generated by org.testng.reporters.JUnitReportReporter -->
<testsuite hostname="RIKU" failures="0" tests="3" name="tests.LoginTest" time="10.569" errors="0" timestamp="2025-09-02T11:48:10 IST" skipped="0">
  <testcase classname="tests.LoginTest" name="invalidLoginTest" time="5.186"/>
  <testcase classname="tests.LoginTest" name="verifyLoginTest" time="1.894"/>
  <testcase classname="tests.LoginTest" name="validLoginTest" time="3.489"/>
</testsuite> <!-- tests.LoginTest -->
