<?xml version="1.0" encoding="UTF-8"?>
<!-- Generated by org.testng.reporters.JUnitReportReporter -->
<testsuite hostname="RIKU" failures="0" tests="3" name="tests.LoginTest" time="7.512" errors="0" timestamp="2025-08-30T11:22:51 IST" skipped="0">
  <testcase classname="tests.LoginTest" name="invalidLoginTest" time="3.277"/>
  <testcase classname="tests.LoginTest" name="verifyLoginTest" time="2.715"/>
  <testcase classname="tests.LoginTest" name="validLoginTest" time="1.520"/>
</testsuite> <!-- tests.LoginTest -->
