<?xml version="1.0" encoding="UTF-8"?>
<!-- Generated by org.testng.reporters.JUnitReportReporter -->
<testsuite hostname="RIKU" failures="0" tests="5" name="tests.CartTest" time="15.200" errors="0" timestamp="2025-08-30T11:15:38 IST" skipped="0">
  <testcase classname="tests.CartTest" name="cartAddTest" time="4.246"/>
  <testcase classname="tests.CartTest" name="modifyQuantity" time="4.892"/>
  <testcase classname="tests.CartTest" name="deleteFromCart" time="1.217"/>
  <testcase classname="tests.CartTest" name="buyProducts" time="4.794"/>
  <testcase classname="tests.CartTest" name="placeOrder" time="0.051"/>
</testsuite> <!-- tests.CartTest -->
