<?xml version="1.0" encoding="UTF-8"?>
<!-- Generated by org.testng.reporters.JUnitReportReporter -->
<testsuite hostname="RIKU" failures="0" tests="1" name="tests.CartTest" time="31.420" errors="0" timestamp="2025-08-28T23:45:34 IST" skipped="0">
  <testcase classname="tests.CartTest" name="test" time="31.420"/>
</testsuite> <!-- tests.CartTest -->
