<?xml version="1.0" encoding="UTF-8"?>
<!-- Generated by org.testng.reporters.JUnitReportReporter -->
<testsuite hostname="RIKU" failures="0" tests="5" name="tests.CartTest" time="15.060" errors="0" timestamp="2025-08-30T11:22:51 IST" skipped="0">
  <testcase classname="tests.CartTest" name="cartAddTest" time="4.293"/>
  <testcase classname="tests.CartTest" name="modifyQuantity" time="4.883"/>
  <testcase classname="tests.CartTest" name="deleteFromCart" time="1.208"/>
  <testcase classname="tests.CartTest" name="buyProducts" time="4.647"/>
  <testcase classname="tests.CartTest" name="placeOrder" time="0.029"/>
</testsuite> <!-- tests.CartTest -->
