<?xml version="1.0" encoding="UTF-8"?>
<!-- Generated by org.testng.reporters.JUnitReportReporter -->
<testsuite hostname="RIKU" failures="0" tests="3" name="tests.SampleTest" time="0.012" errors="0" timestamp="2025-08-21T06:30:14 IST" skipped="0">
  <testcase classname="tests.SampleTest" name="f3" time="0.008"/>
  <testcase classname="tests.SampleTest" name="f2" time="0.003"/>
  <testcase classname="tests.SampleTest" name="f1" time="0.001"/>
</testsuite> <!-- tests.SampleTest -->
