<?xml version="1.0" encoding="UTF-8"?>
<!-- Generated by org.testng.reporters.JUnitReportReporter -->
<testsuite hostname="RIKU" failures="0" tests="1" name="ddt1.LoginPage3" time="4.288" errors="0" timestamp="2025-07-02T17:20:37 IST" skipped="0">
  <testcase classname="ddt1.LoginPage3" name="f" time="4.288"/>
</testsuite> <!-- ddt1.LoginPage3 -->
