<?xml version="1.0" encoding="UTF-8"?>
<!-- Generated by org.testng.reporters.JUnitReportReporter -->
<testsuite hostname="RIKU" failures="0" tests="2" name="ddt1.TestWebDriver2" time="6.810" errors="0" timestamp="2025-07-01T16:08:10 IST" skipped="0">
  <testcase classname="ddt1.TestWebDriver2" name="adminLogin" time="3.539"/>
  <testcase classname="ddt1.TestWebDriver2" name="adminLogin" time="3.271"/>
</testsuite> <!-- ddt1.TestWebDriver2 -->
