<?xml version="1.0" encoding="UTF-8"?>
<!-- Generated by org.testng.reporters.JUnitReportReporter -->
<testsuite hostname="RIKU" failures="0" tests="3" name="ddt1.LoginPageGoogle3" time="17.893" errors="0" timestamp="2025-07-02T12:30:01 IST" skipped="0">
  <testcase classname="ddt1.LoginPageGoogle3" name="googleSearchTest" time="4.967"/>
  <testcase classname="ddt1.LoginPageGoogle3" name="googleSearchTest" time="6.423"/>
  <testcase classname="ddt1.LoginPageGoogle3" name="googleSearchTest" time="6.503"/>
</testsuite> <!-- ddt1.LoginPageGoogle3 -->
