<?xml version="1.0" encoding="UTF-8"?>
<!-- Generated by org.testng.reporters.JUnitReportReporter -->
<testsuite hostname="RIKU" failures="0" tests="3" name="ddt1.LoginPageGoogle2" time="14.800" errors="0" timestamp="2025-07-02T12:24:37 IST" skipped="0">
  <testcase classname="ddt1.LoginPageGoogle2" name="adminLogin" time="4.734"/>
  <testcase classname="ddt1.LoginPageGoogle2" name="adminLogin" time="5.896"/>
  <testcase classname="ddt1.LoginPageGoogle2" name="adminLogin" time="4.170"/>
</testsuite> <!-- ddt1.LoginPageGoogle2 -->
