<?xml version="1.0" encoding="UTF-8"?>
<!-- Generated by org.testng.reporters.JUnitReportReporter -->
<testsuite hostname="RIKU" failures="0" tests="7" name="ddt1.TestWebDriver" time="23.424" errors="0" timestamp="2025-07-01T15:54:57 IST" skipped="0">
  <testcase classname="ddt1.TestWebDriver" name="adminLogin" time="3.352"/>
  <testcase classname="ddt1.TestWebDriver" name="adminLogin" time="3.161"/>
  <testcase classname="ddt1.TestWebDriver" name="adminLogin" time="3.124"/>
  <testcase classname="ddt1.TestWebDriver" name="adminLogin" time="3.159"/>
  <testcase classname="ddt1.TestWebDriver" name="adminLogin" time="3.940"/>
  <testcase classname="ddt1.TestWebDriver" name="adminLogin" time="3.495"/>
  <testcase classname="ddt1.TestWebDriver" name="adminLogin" time="3.193"/>
</testsuite> <!-- ddt1.TestWebDriver -->
