<?xml version="1.0" encoding="UTF-8"?>
<!-- Generated by org.testng.reporters.JUnitReportReporter -->
<testsuite hostname="RIKU" failures="0" tests="1" name="ddt1.TestWebDriver3" time="2.160" errors="0" timestamp="2025-07-02T11:37:08 IST" skipped="0">
  <testcase classname="ddt1.TestWebDriver3" name="testFile" time="2.160"/>
</testsuite> <!-- ddt1.TestWebDriver3 -->
